{"total": {"lines":{"total":156,"covered":150,"skipped":0,"pct":96.15},"statements":{"total":165,"covered":159,"skipped":0,"pct":96.36},"functions":{"total":25,"covered":25,"skipped":0,"pct":100},"branches":{"total":114,"covered":107,"skipped":0,"pct":93.86}}
,"/Users/Konstantin/Documents/application/pyjamas/lib/index.js": {"lines":{"total":75,"covered":72,"skipped":0,"pct":96},"functions":{"total":12,"covered":12,"skipped":0,"pct":100},"statements":{"total":79,"covered":76,"skipped":0,"pct":96.2},"branches":{"total":52,"covered":49,"skipped":0,"pct":94.23}}
,"/Users/Konstantin/Documents/application/pyjamas/src/index.js": {"lines":{"total":81,"covered":78,"skipped":0,"pct":96.3},"functions":{"total":13,"covered":13,"skipped":0,"pct":100},"statements":{"total":86,"covered":83,"skipped":0,"pct":96.51},"branches":{"total":62,"covered":58,"skipped":0,"pct":93.55}}
}
