{"/Users/Konstantin/Documents/application/pyjamas/lib/index.js": {"path":"/Users/Konstantin/Documents/application/pyjamas/lib/index.js","statementMap":{"0":{"start":{"line":8,"column":16},"end":{"line":37,"column":1}},"1":{"start":{"line":19,"column":2},"end":{"line":36,"column":3}},"2":{"start":{"line":20,"column":4},"end":{"line":33,"column":5}},"3":{"start":{"line":21,"column":18},"end":{"line":21,"column":23}},"4":{"start":{"line":22,"column":6},"end":{"line":22,"column":26}},"5":{"start":{"line":23,"column":11},"end":{"line":33,"column":5}},"6":{"start":{"line":24,"column":6},"end":{"line":24,"column":43}},"7":{"start":{"line":25,"column":11},"end":{"line":33,"column":5}},"8":{"start":{"line":26,"column":18},"end":{"line":26,"column":28}},"9":{"start":{"line":27,"column":21},"end":{"line":27,"column":30}},"10":{"start":{"line":28,"column":6},"end":{"line":28,"column":27}},"11":{"start":{"line":29,"column":11},"end":{"line":33,"column":5}},"12":{"start":{"line":30,"column":6},"end":{"line":30,"column":18}},"13":{"start":{"line":32,"column":6},"end":{"line":32,"column":19}},"14":{"start":{"line":35,"column":4},"end":{"line":35,"column":16}},"15":{"start":{"line":45,"column":13},"end":{"line":45,"column":33}},"16":{"start":{"line":45,"column":20},"end":{"line":45,"column":33}},"17":{"start":{"line":53,"column":16},"end":{"line":63,"column":1}},"18":{"start":{"line":54,"column":2},"end":{"line":62,"column":3}},"19":{"start":{"line":55,"column":4},"end":{"line":55,"column":28}},"20":{"start":{"line":56,"column":9},"end":{"line":62,"column":3}},"21":{"start":{"line":57,"column":4},"end":{"line":57,"column":41}},"22":{"start":{"line":58,"column":9},"end":{"line":62,"column":3}},"23":{"start":{"line":59,"column":4},"end":{"line":59,"column":28}},"24":{"start":{"line":61,"column":4},"end":{"line":61,"column":16}},"25":{"start":{"line":71,"column":12},"end":{"line":81,"column":1}},"26":{"start":{"line":72,"column":2},"end":{"line":80,"column":3}},"27":{"start":{"line":73,"column":4},"end":{"line":73,"column":13}},"28":{"start":{"line":75,"column":19},"end":{"line":75,"column":36}},"29":{"start":{"line":76,"column":4},"end":{"line":78,"column":5}},"30":{"start":{"line":77,"column":6},"end":{"line":77,"column":15}},"31":{"start":{"line":79,"column":4},"end":{"line":79,"column":18}},"32":{"start":{"line":89,"column":14},"end":{"line":99,"column":1}},"33":{"start":{"line":90,"column":2},"end":{"line":98,"column":3}},"34":{"start":{"line":91,"column":4},"end":{"line":91,"column":15}},"35":{"start":{"line":93,"column":19},"end":{"line":93,"column":34}},"36":{"start":{"line":94,"column":4},"end":{"line":96,"column":5}},"37":{"start":{"line":95,"column":6},"end":{"line":95,"column":17}},"38":{"start":{"line":97,"column":4},"end":{"line":97,"column":18}},"39":{"start":{"line":107,"column":16},"end":{"line":109,"column":1}},"40":{"start":{"line":108,"column":2},"end":{"line":108,"column":46}},"41":{"start":{"line":117,"column":14},"end":{"line":119,"column":1}},"42":{"start":{"line":118,"column":2},"end":{"line":118,"column":46}},"43":{"start":{"line":127,"column":17},"end":{"line":129,"column":1}},"44":{"start":{"line":128,"column":2},"end":{"line":128,"column":36}},"45":{"start":{"line":138,"column":12},"end":{"line":149,"column":1}},"46":{"start":{"line":139,"column":2},"end":{"line":148,"column":3}},"47":{"start":{"line":140,"column":4},"end":{"line":140,"column":22}},"48":{"start":{"line":141,"column":9},"end":{"line":148,"column":3}},"49":{"start":{"line":143,"column":4},"end":{"line":143,"column":35}},"50":{"start":{"line":144,"column":9},"end":{"line":148,"column":3}},"51":{"start":{"line":145,"column":4},"end":{"line":145,"column":22}},"52":{"start":{"line":147,"column":4},"end":{"line":147,"column":14}},"53":{"start":{"line":157,"column":14},"end":{"line":172,"column":1}},"54":{"start":{"line":160,"column":2},"end":{"line":166,"column":3}},"55":{"start":{"line":161,"column":4},"end":{"line":161,"column":15}},"56":{"start":{"line":162,"column":4},"end":{"line":162,"column":18}},"57":{"start":{"line":164,"column":4},"end":{"line":164,"column":19}},"58":{"start":{"line":165,"column":4},"end":{"line":165,"column":17}},"59":{"start":{"line":167,"column":16},"end":{"line":167,"column":18}},"60":{"start":{"line":168,"column":2},"end":{"line":170,"column":3}},"61":{"start":{"line":168,"column":15},"end":{"line":168,"column":21}},"62":{"start":{"line":169,"column":4},"end":{"line":169,"column":18}},"63":{"start":{"line":171,"column":2},"end":{"line":171,"column":15}},"64":{"start":{"line":180,"column":12},"end":{"line":188,"column":1}},"65":{"start":{"line":181,"column":12},"end":{"line":181,"column":13}},"66":{"start":{"line":182,"column":2},"end":{"line":186,"column":3}},"67":{"start":{"line":183,"column":4},"end":{"line":185,"column":5}},"68":{"start":{"line":183,"column":17},"end":{"line":183,"column":18}},"69":{"start":{"line":184,"column":6},"end":{"line":184,"column":42}},"70":{"start":{"line":184,"column":28},"end":{"line":184,"column":42}},"71":{"start":{"line":187,"column":2},"end":{"line":187,"column":13}},"72":{"start":{"line":196,"column":24},"end":{"line":204,"column":1}},"73":{"start":{"line":197,"column":2},"end":{"line":203,"column":3}},"74":{"start":{"line":198,"column":4},"end":{"line":198,"column":15}},"75":{"start":{"line":199,"column":9},"end":{"line":203,"column":3}},"76":{"start":{"line":200,"column":4},"end":{"line":200,"column":21}},"77":{"start":{"line":202,"column":4},"end":{"line":202,"column":15}},"78":{"start":{"line":206,"column":0},"end":{"line":219,"column":2}}},"fnMap":{"0":{"name":"(anonymous_0)","decl":{"start":{"line":8,"column":16},"end":{"line":8,"column":17}},"loc":{"start":{"line":8,"column":23},"end":{"line":37,"column":1}},"line":8},"1":{"name":"(anonymous_1)","decl":{"start":{"line":45,"column":13},"end":{"line":45,"column":14}},"loc":{"start":{"line":45,"column":20},"end":{"line":45,"column":33}},"line":45},"2":{"name":"(anonymous_2)","decl":{"start":{"line":53,"column":16},"end":{"line":53,"column":17}},"loc":{"start":{"line":53,"column":23},"end":{"line":63,"column":1}},"line":53},"3":{"name":"(anonymous_3)","decl":{"start":{"line":71,"column":12},"end":{"line":71,"column":13}},"loc":{"start":{"line":71,"column":19},"end":{"line":81,"column":1}},"line":71},"4":{"name":"(anonymous_4)","decl":{"start":{"line":89,"column":14},"end":{"line":89,"column":15}},"loc":{"start":{"line":89,"column":21},"end":{"line":99,"column":1}},"line":89},"5":{"name":"(anonymous_5)","decl":{"start":{"line":107,"column":16},"end":{"line":107,"column":17}},"loc":{"start":{"line":107,"column":23},"end":{"line":109,"column":1}},"line":107},"6":{"name":"(anonymous_6)","decl":{"start":{"line":117,"column":14},"end":{"line":117,"column":15}},"loc":{"start":{"line":117,"column":21},"end":{"line":119,"column":1}},"line":117},"7":{"name":"(anonymous_7)","decl":{"start":{"line":127,"column":17},"end":{"line":127,"column":18}},"loc":{"start":{"line":127,"column":24},"end":{"line":129,"column":1}},"line":127},"8":{"name":"(anonymous_8)","decl":{"start":{"line":138,"column":12},"end":{"line":138,"column":13}},"loc":{"start":{"line":138,"column":19},"end":{"line":149,"column":1}},"line":138},"9":{"name":"(anonymous_9)","decl":{"start":{"line":157,"column":14},"end":{"line":157,"column":15}},"loc":{"start":{"line":157,"column":31},"end":{"line":172,"column":1}},"line":157},"10":{"name":"(anonymous_10)","decl":{"start":{"line":180,"column":12},"end":{"line":180,"column":13}},"loc":{"start":{"line":180,"column":19},"end":{"line":188,"column":1}},"line":180},"11":{"name":"(anonymous_11)","decl":{"start":{"line":196,"column":24},"end":{"line":196,"column":25}},"loc":{"start":{"line":196,"column":44},"end":{"line":204,"column":1}},"line":196}},"branchMap":{"0":{"loc":{"start":{"line":20,"column":4},"end":{"line":33,"column":5}},"type":"if","locations":[{"start":{"line":20,"column":4},"end":{"line":33,"column":5}},{"start":{"line":20,"column":4},"end":{"line":33,"column":5}}],"line":20},"1":{"loc":{"start":{"line":23,"column":11},"end":{"line":33,"column":5}},"type":"if","locations":[{"start":{"line":23,"column":11},"end":{"line":33,"column":5}},{"start":{"line":23,"column":11},"end":{"line":33,"column":5}}],"line":23},"2":{"loc":{"start":{"line":23,"column":15},"end":{"line":23,"column":53}},"type":"binary-expr","locations":[{"start":{"line":23,"column":15},"end":{"line":23,"column":38}},{"start":{"line":23,"column":42},"end":{"line":23,"column":53}}],"line":23},"3":{"loc":{"start":{"line":25,"column":11},"end":{"line":33,"column":5}},"type":"if","locations":[{"start":{"line":25,"column":11},"end":{"line":33,"column":5}},{"start":{"line":25,"column":11},"end":{"line":33,"column":5}}],"line":25},"4":{"loc":{"start":{"line":28,"column":13},"end":{"line":28,"column":26}},"type":"binary-expr","locations":[{"start":{"line":28,"column":13},"end":{"line":28,"column":16}},{"start":{"line":28,"column":20},"end":{"line":28,"column":26}}],"line":28},"5":{"loc":{"start":{"line":29,"column":11},"end":{"line":33,"column":5}},"type":"if","locations":[{"start":{"line":29,"column":11},"end":{"line":33,"column":5}},{"start":{"line":29,"column":11},"end":{"line":33,"column":5}}],"line":29},"6":{"loc":{"start":{"line":54,"column":2},"end":{"line":62,"column":3}},"type":"if","locations":[{"start":{"line":54,"column":2},"end":{"line":62,"column":3}},{"start":{"line":54,"column":2},"end":{"line":62,"column":3}}],"line":54},"7":{"loc":{"start":{"line":56,"column":9},"end":{"line":62,"column":3}},"type":"if","locations":[{"start":{"line":56,"column":9},"end":{"line":62,"column":3}},{"start":{"line":56,"column":9},"end":{"line":62,"column":3}}],"line":56},"8":{"loc":{"start":{"line":56,"column":13},"end":{"line":56,"column":51}},"type":"binary-expr","locations":[{"start":{"line":56,"column":13},"end":{"line":56,"column":36}},{"start":{"line":56,"column":40},"end":{"line":56,"column":51}}],"line":56},"9":{"loc":{"start":{"line":58,"column":9},"end":{"line":62,"column":3}},"type":"if","locations":[{"start":{"line":58,"column":9},"end":{"line":62,"column":3}},{"start":{"line":58,"column":9},"end":{"line":62,"column":3}}],"line":58},"10":{"loc":{"start":{"line":72,"column":2},"end":{"line":80,"column":3}},"type":"if","locations":[{"start":{"line":72,"column":2},"end":{"line":80,"column":3}},{"start":{"line":72,"column":2},"end":{"line":80,"column":3}}],"line":72},"11":{"loc":{"start":{"line":76,"column":4},"end":{"line":78,"column":5}},"type":"if","locations":[{"start":{"line":76,"column":4},"end":{"line":78,"column":5}},{"start":{"line":76,"column":4},"end":{"line":78,"column":5}}],"line":76},"12":{"loc":{"start":{"line":90,"column":2},"end":{"line":98,"column":3}},"type":"if","locations":[{"start":{"line":90,"column":2},"end":{"line":98,"column":3}},{"start":{"line":90,"column":2},"end":{"line":98,"column":3}}],"line":90},"13":{"loc":{"start":{"line":94,"column":4},"end":{"line":96,"column":5}},"type":"if","locations":[{"start":{"line":94,"column":4},"end":{"line":96,"column":5}},{"start":{"line":94,"column":4},"end":{"line":96,"column":5}}],"line":94},"14":{"loc":{"start":{"line":108,"column":9},"end":{"line":108,"column":45}},"type":"binary-expr","locations":[{"start":{"line":108,"column":9},"end":{"line":108,"column":28}},{"start":{"line":108,"column":32},"end":{"line":108,"column":45}}],"line":108},"15":{"loc":{"start":{"line":118,"column":9},"end":{"line":118,"column":45}},"type":"binary-expr","locations":[{"start":{"line":118,"column":9},"end":{"line":118,"column":28}},{"start":{"line":118,"column":32},"end":{"line":118,"column":45}}],"line":118},"16":{"loc":{"start":{"line":128,"column":9},"end":{"line":128,"column":35}},"type":"binary-expr","locations":[{"start":{"line":128,"column":9},"end":{"line":128,"column":21}},{"start":{"line":128,"column":25},"end":{"line":128,"column":35}}],"line":128},"17":{"loc":{"start":{"line":139,"column":2},"end":{"line":148,"column":3}},"type":"if","locations":[{"start":{"line":139,"column":2},"end":{"line":148,"column":3}},{"start":{"line":139,"column":2},"end":{"line":148,"column":3}}],"line":139},"18":{"loc":{"start":{"line":141,"column":9},"end":{"line":148,"column":3}},"type":"if","locations":[{"start":{"line":141,"column":9},"end":{"line":148,"column":3}},{"start":{"line":141,"column":9},"end":{"line":148,"column":3}}],"line":141},"19":{"loc":{"start":{"line":141,"column":13},"end":{"line":141,"column":51}},"type":"binary-expr","locations":[{"start":{"line":141,"column":13},"end":{"line":141,"column":36}},{"start":{"line":141,"column":40},"end":{"line":141,"column":51}}],"line":141},"20":{"loc":{"start":{"line":144,"column":9},"end":{"line":148,"column":3}},"type":"if","locations":[{"start":{"line":144,"column":9},"end":{"line":148,"column":3}},{"start":{"line":144,"column":9},"end":{"line":148,"column":3}}],"line":144},"21":{"loc":{"start":{"line":160,"column":2},"end":{"line":166,"column":3}},"type":"if","locations":[{"start":{"line":160,"column":2},"end":{"line":166,"column":3}},{"start":{"line":160,"column":2},"end":{"line":166,"column":3}}],"line":160},"22":{"loc":{"start":{"line":182,"column":2},"end":{"line":186,"column":3}},"type":"if","locations":[{"start":{"line":182,"column":2},"end":{"line":186,"column":3}},{"start":{"line":182,"column":2},"end":{"line":186,"column":3}}],"line":182},"23":{"loc":{"start":{"line":184,"column":6},"end":{"line":184,"column":42}},"type":"if","locations":[{"start":{"line":184,"column":6},"end":{"line":184,"column":42}},{"start":{"line":184,"column":6},"end":{"line":184,"column":42}}],"line":184},"24":{"loc":{"start":{"line":197,"column":2},"end":{"line":203,"column":3}},"type":"if","locations":[{"start":{"line":197,"column":2},"end":{"line":203,"column":3}},{"start":{"line":197,"column":2},"end":{"line":203,"column":3}}],"line":197},"25":{"loc":{"start":{"line":199,"column":9},"end":{"line":203,"column":3}},"type":"if","locations":[{"start":{"line":199,"column":9},"end":{"line":203,"column":3}},{"start":{"line":199,"column":9},"end":{"line":203,"column":3}}],"line":199}},"s":{"0":1,"1":80,"2":80,"3":3,"4":1,"5":77,"6":10,"7":67,"8":35,"9":35,"10":35,"11":32,"12":18,"13":14,"14":2,"15":1,"16":15,"17":1,"18":10,"19":2,"20":8,"21":4,"22":4,"23":0,"24":4,"25":1,"26":9,"27":3,"28":6,"29":6,"30":2,"31":4,"32":1,"33":9,"34":3,"35":6,"36":6,"37":1,"38":5,"39":1,"40":23,"41":1,"42":19,"43":1,"44":15,"45":1,"46":26,"47":2,"48":24,"49":16,"50":8,"51":0,"52":8,"53":1,"54":5,"55":2,"56":2,"57":3,"58":3,"59":5,"60":5,"61":5,"62":27,"63":5,"64":1,"65":6,"66":6,"67":4,"68":4,"69":8,"70":5,"71":6,"72":1,"73":12,"74":0,"75":12,"76":7,"77":5,"78":1},"f":{"0":80,"1":15,"2":10,"3":9,"4":9,"5":23,"6":19,"7":15,"8":26,"9":5,"10":6,"11":12},"b":{"0":[3,77],"1":[10,67],"2":[77,13],"3":[35,32],"4":[35,28],"5":[18,14],"6":[2,8],"7":[4,4],"8":[8,5],"9":[0,4],"10":[3,6],"11":[2,4],"12":[3,6],"13":[1,5],"14":[23,17],"15":[19,14],"16":[15,10],"17":[2,24],"18":[16,8],"19":[24,18],"20":[0,8],"21":[2,3],"22":[4,2],"23":[5,3],"24":[0,12],"25":[7,5]},"_coverageSchema":"43e27e138ebf9cfc5966b082cf9a028302ed4184","hash":"2684a8a4ddd449ead1c0ffb1878d64d23244ac52"}
,"/Users/Konstantin/Documents/application/pyjamas/src/index.js": {"path":"/Users/Konstantin/Documents/application/pyjamas/src/index.js","statementMap":{"0":{"start":{"line":8,"column":16},"end":{"line":37,"column":1}},"1":{"start":{"line":19,"column":2},"end":{"line":36,"column":3}},"2":{"start":{"line":20,"column":4},"end":{"line":33,"column":5}},"3":{"start":{"line":21,"column":18},"end":{"line":21,"column":23}},"4":{"start":{"line":22,"column":6},"end":{"line":22,"column":26}},"5":{"start":{"line":23,"column":11},"end":{"line":33,"column":5}},"6":{"start":{"line":24,"column":6},"end":{"line":24,"column":43}},"7":{"start":{"line":25,"column":11},"end":{"line":33,"column":5}},"8":{"start":{"line":26,"column":18},"end":{"line":26,"column":28}},"9":{"start":{"line":27,"column":21},"end":{"line":27,"column":30}},"10":{"start":{"line":28,"column":6},"end":{"line":28,"column":27}},"11":{"start":{"line":29,"column":11},"end":{"line":33,"column":5}},"12":{"start":{"line":30,"column":6},"end":{"line":30,"column":18}},"13":{"start":{"line":32,"column":6},"end":{"line":32,"column":19}},"14":{"start":{"line":35,"column":4},"end":{"line":35,"column":16}},"15":{"start":{"line":45,"column":13},"end":{"line":45,"column":33}},"16":{"start":{"line":45,"column":20},"end":{"line":45,"column":33}},"17":{"start":{"line":53,"column":16},"end":{"line":63,"column":1}},"18":{"start":{"line":54,"column":2},"end":{"line":62,"column":3}},"19":{"start":{"line":55,"column":4},"end":{"line":55,"column":28}},"20":{"start":{"line":56,"column":9},"end":{"line":62,"column":3}},"21":{"start":{"line":57,"column":4},"end":{"line":57,"column":41}},"22":{"start":{"line":58,"column":9},"end":{"line":62,"column":3}},"23":{"start":{"line":59,"column":4},"end":{"line":59,"column":28}},"24":{"start":{"line":61,"column":4},"end":{"line":61,"column":16}},"25":{"start":{"line":71,"column":12},"end":{"line":81,"column":1}},"26":{"start":{"line":72,"column":2},"end":{"line":80,"column":3}},"27":{"start":{"line":73,"column":4},"end":{"line":73,"column":13}},"28":{"start":{"line":75,"column":19},"end":{"line":75,"column":36}},"29":{"start":{"line":76,"column":4},"end":{"line":78,"column":5}},"30":{"start":{"line":77,"column":6},"end":{"line":77,"column":15}},"31":{"start":{"line":79,"column":4},"end":{"line":79,"column":18}},"32":{"start":{"line":89,"column":14},"end":{"line":99,"column":1}},"33":{"start":{"line":90,"column":2},"end":{"line":98,"column":3}},"34":{"start":{"line":91,"column":4},"end":{"line":91,"column":15}},"35":{"start":{"line":93,"column":19},"end":{"line":93,"column":34}},"36":{"start":{"line":94,"column":4},"end":{"line":96,"column":5}},"37":{"start":{"line":95,"column":6},"end":{"line":95,"column":17}},"38":{"start":{"line":97,"column":4},"end":{"line":97,"column":18}},"39":{"start":{"line":107,"column":16},"end":{"line":109,"column":1}},"40":{"start":{"line":108,"column":2},"end":{"line":108,"column":46}},"41":{"start":{"line":117,"column":14},"end":{"line":119,"column":1}},"42":{"start":{"line":118,"column":2},"end":{"line":118,"column":46}},"43":{"start":{"line":127,"column":17},"end":{"line":129,"column":1}},"44":{"start":{"line":128,"column":2},"end":{"line":128,"column":36}},"45":{"start":{"line":138,"column":12},"end":{"line":149,"column":1}},"46":{"start":{"line":139,"column":2},"end":{"line":148,"column":3}},"47":{"start":{"line":140,"column":4},"end":{"line":140,"column":22}},"48":{"start":{"line":141,"column":9},"end":{"line":148,"column":3}},"49":{"start":{"line":143,"column":4},"end":{"line":143,"column":35}},"50":{"start":{"line":144,"column":9},"end":{"line":148,"column":3}},"51":{"start":{"line":145,"column":4},"end":{"line":145,"column":22}},"52":{"start":{"line":147,"column":4},"end":{"line":147,"column":14}},"53":{"start":{"line":157,"column":14},"end":{"line":172,"column":1}},"54":{"start":{"line":160,"column":2},"end":{"line":166,"column":3}},"55":{"start":{"line":161,"column":4},"end":{"line":161,"column":15}},"56":{"start":{"line":162,"column":4},"end":{"line":162,"column":18}},"57":{"start":{"line":164,"column":4},"end":{"line":164,"column":19}},"58":{"start":{"line":165,"column":4},"end":{"line":165,"column":17}},"59":{"start":{"line":167,"column":16},"end":{"line":167,"column":18}},"60":{"start":{"line":168,"column":2},"end":{"line":170,"column":3}},"61":{"start":{"line":168,"column":15},"end":{"line":168,"column":21}},"62":{"start":{"line":169,"column":4},"end":{"line":169,"column":18}},"63":{"start":{"line":171,"column":2},"end":{"line":171,"column":15}},"64":{"start":{"line":180,"column":12},"end":{"line":188,"column":1}},"65":{"start":{"line":181,"column":12},"end":{"line":181,"column":13}},"66":{"start":{"line":182,"column":2},"end":{"line":186,"column":3}},"67":{"start":{"line":183,"column":4},"end":{"line":185,"column":5}},"68":{"start":{"line":183,"column":17},"end":{"line":183,"column":18}},"69":{"start":{"line":184,"column":6},"end":{"line":184,"column":42}},"70":{"start":{"line":184,"column":28},"end":{"line":184,"column":42}},"71":{"start":{"line":187,"column":2},"end":{"line":187,"column":13}},"72":{"start":{"line":196,"column":24},"end":{"line":204,"column":1}},"73":{"start":{"line":197,"column":2},"end":{"line":203,"column":3}},"74":{"start":{"line":198,"column":4},"end":{"line":198,"column":15}},"75":{"start":{"line":199,"column":9},"end":{"line":203,"column":3}},"76":{"start":{"line":200,"column":4},"end":{"line":200,"column":21}},"77":{"start":{"line":202,"column":4},"end":{"line":202,"column":15}},"78":{"start":{"line":206,"column":0},"end":{"line":219,"column":2}}},"fnMap":{"0":{"name":"(anonymous_0)","decl":{"start":{"line":8,"column":16},"end":{"line":8,"column":17}},"loc":{"start":{"line":8,"column":23},"end":{"line":37,"column":1}},"line":8},"1":{"name":"(anonymous_1)","decl":{"start":{"line":45,"column":13},"end":{"line":45,"column":14}},"loc":{"start":{"line":45,"column":20},"end":{"line":45,"column":33}},"line":45},"2":{"name":"(anonymous_2)","decl":{"start":{"line":53,"column":16},"end":{"line":53,"column":17}},"loc":{"start":{"line":53,"column":23},"end":{"line":63,"column":1}},"line":53},"3":{"name":"(anonymous_3)","decl":{"start":{"line":71,"column":12},"end":{"line":71,"column":13}},"loc":{"start":{"line":71,"column":19},"end":{"line":81,"column":1}},"line":71},"4":{"name":"(anonymous_4)","decl":{"start":{"line":89,"column":14},"end":{"line":89,"column":15}},"loc":{"start":{"line":89,"column":21},"end":{"line":99,"column":1}},"line":89},"5":{"name":"(anonymous_5)","decl":{"start":{"line":107,"column":16},"end":{"line":107,"column":17}},"loc":{"start":{"line":107,"column":23},"end":{"line":109,"column":1}},"line":107},"6":{"name":"(anonymous_6)","decl":{"start":{"line":117,"column":14},"end":{"line":117,"column":15}},"loc":{"start":{"line":117,"column":21},"end":{"line":119,"column":1}},"line":117},"7":{"name":"(anonymous_7)","decl":{"start":{"line":127,"column":17},"end":{"line":127,"column":18}},"loc":{"start":{"line":127,"column":24},"end":{"line":129,"column":1}},"line":127},"8":{"name":"(anonymous_8)","decl":{"start":{"line":138,"column":12},"end":{"line":138,"column":13}},"loc":{"start":{"line":138,"column":19},"end":{"line":149,"column":1}},"line":138},"9":{"name":"(anonymous_9)","decl":{"start":{"line":157,"column":14},"end":{"line":157,"column":15}},"loc":{"start":{"line":157,"column":31},"end":{"line":172,"column":1}},"line":157},"10":{"name":"(anonymous_10)","decl":{"start":{"line":180,"column":12},"end":{"line":180,"column":13}},"loc":{"start":{"line":180,"column":19},"end":{"line":188,"column":1}},"line":180},"11":{"name":"(anonymous_11)","decl":{"start":{"line":196,"column":24},"end":{"line":196,"column":25}},"loc":{"start":{"line":196,"column":44},"end":{"line":204,"column":1}},"line":196}},"branchMap":{"0":{"loc":{"start":{"line":20,"column":4},"end":{"line":33,"column":5}},"type":"if","locations":[{"start":{"line":20,"column":4},"end":{"line":33,"column":5}},{"start":{"line":20,"column":4},"end":{"line":33,"column":5}}],"line":20},"1":{"loc":{"start":{"line":23,"column":11},"end":{"line":33,"column":5}},"type":"if","locations":[{"start":{"line":23,"column":11},"end":{"line":33,"column":5}},{"start":{"line":23,"column":11},"end":{"line":33,"column":5}}],"line":23},"2":{"loc":{"start":{"line":23,"column":15},"end":{"line":23,"column":53}},"type":"binary-expr","locations":[{"start":{"line":23,"column":15},"end":{"line":23,"column":38}},{"start":{"line":23,"column":42},"end":{"line":23,"column":53}}],"line":23},"3":{"loc":{"start":{"line":25,"column":11},"end":{"line":33,"column":5}},"type":"if","locations":[{"start":{"line":25,"column":11},"end":{"line":33,"column":5}},{"start":{"line":25,"column":11},"end":{"line":33,"column":5}}],"line":25},"4":{"loc":{"start":{"line":28,"column":13},"end":{"line":28,"column":26}},"type":"binary-expr","locations":[{"start":{"line":28,"column":13},"end":{"line":28,"column":16}},{"start":{"line":28,"column":20},"end":{"line":28,"column":26}}],"line":28},"5":{"loc":{"start":{"line":29,"column":11},"end":{"line":33,"column":5}},"type":"if","locations":[{"start":{"line":29,"column":11},"end":{"line":33,"column":5}},{"start":{"line":29,"column":11},"end":{"line":33,"column":5}}],"line":29},"6":{"loc":{"start":{"line":54,"column":2},"end":{"line":62,"column":3}},"type":"if","locations":[{"start":{"line":54,"column":2},"end":{"line":62,"column":3}},{"start":{"line":54,"column":2},"end":{"line":62,"column":3}}],"line":54},"7":{"loc":{"start":{"line":56,"column":9},"end":{"line":62,"column":3}},"type":"if","locations":[{"start":{"line":56,"column":9},"end":{"line":62,"column":3}},{"start":{"line":56,"column":9},"end":{"line":62,"column":3}}],"line":56},"8":{"loc":{"start":{"line":56,"column":13},"end":{"line":56,"column":51}},"type":"binary-expr","locations":[{"start":{"line":56,"column":13},"end":{"line":56,"column":36}},{"start":{"line":56,"column":40},"end":{"line":56,"column":51}}],"line":56},"9":{"loc":{"start":{"line":58,"column":9},"end":{"line":62,"column":3}},"type":"if","locations":[{"start":{"line":58,"column":9},"end":{"line":62,"column":3}},{"start":{"line":58,"column":9},"end":{"line":62,"column":3}}],"line":58},"10":{"loc":{"start":{"line":72,"column":2},"end":{"line":80,"column":3}},"type":"if","locations":[{"start":{"line":72,"column":2},"end":{"line":80,"column":3}},{"start":{"line":72,"column":2},"end":{"line":80,"column":3}}],"line":72},"11":{"loc":{"start":{"line":76,"column":4},"end":{"line":78,"column":5}},"type":"if","locations":[{"start":{"line":76,"column":4},"end":{"line":78,"column":5}},{"start":{"line":76,"column":4},"end":{"line":78,"column":5}}],"line":76},"12":{"loc":{"start":{"line":90,"column":2},"end":{"line":98,"column":3}},"type":"if","locations":[{"start":{"line":90,"column":2},"end":{"line":98,"column":3}},{"start":{"line":90,"column":2},"end":{"line":98,"column":3}}],"line":90},"13":{"loc":{"start":{"line":94,"column":4},"end":{"line":96,"column":5}},"type":"if","locations":[{"start":{"line":94,"column":4},"end":{"line":96,"column":5}},{"start":{"line":94,"column":4},"end":{"line":96,"column":5}}],"line":94},"14":{"loc":{"start":{"line":108,"column":9},"end":{"line":108,"column":45}},"type":"binary-expr","locations":[{"start":{"line":108,"column":9},"end":{"line":108,"column":28}},{"start":{"line":108,"column":32},"end":{"line":108,"column":45}}],"line":108},"15":{"loc":{"start":{"line":118,"column":9},"end":{"line":118,"column":45}},"type":"binary-expr","locations":[{"start":{"line":118,"column":9},"end":{"line":118,"column":28}},{"start":{"line":118,"column":32},"end":{"line":118,"column":45}}],"line":118},"16":{"loc":{"start":{"line":128,"column":9},"end":{"line":128,"column":35}},"type":"binary-expr","locations":[{"start":{"line":128,"column":9},"end":{"line":128,"column":21}},{"start":{"line":128,"column":25},"end":{"line":128,"column":35}}],"line":128},"17":{"loc":{"start":{"line":139,"column":2},"end":{"line":148,"column":3}},"type":"if","locations":[{"start":{"line":139,"column":2},"end":{"line":148,"column":3}},{"start":{"line":139,"column":2},"end":{"line":148,"column":3}}],"line":139},"18":{"loc":{"start":{"line":141,"column":9},"end":{"line":148,"column":3}},"type":"if","locations":[{"start":{"line":141,"column":9},"end":{"line":148,"column":3}},{"start":{"line":141,"column":9},"end":{"line":148,"column":3}}],"line":141},"19":{"loc":{"start":{"line":141,"column":13},"end":{"line":141,"column":51}},"type":"binary-expr","locations":[{"start":{"line":141,"column":13},"end":{"line":141,"column":36}},{"start":{"line":141,"column":40},"end":{"line":141,"column":51}}],"line":141},"20":{"loc":{"start":{"line":144,"column":9},"end":{"line":148,"column":3}},"type":"if","locations":[{"start":{"line":144,"column":9},"end":{"line":148,"column":3}},{"start":{"line":144,"column":9},"end":{"line":148,"column":3}}],"line":144},"21":{"loc":{"start":{"line":160,"column":2},"end":{"line":166,"column":3}},"type":"if","locations":[{"start":{"line":160,"column":2},"end":{"line":166,"column":3}},{"start":{"line":160,"column":2},"end":{"line":166,"column":3}}],"line":160},"22":{"loc":{"start":{"line":182,"column":2},"end":{"line":186,"column":3}},"type":"if","locations":[{"start":{"line":182,"column":2},"end":{"line":186,"column":3}},{"start":{"line":182,"column":2},"end":{"line":186,"column":3}}],"line":182},"23":{"loc":{"start":{"line":184,"column":6},"end":{"line":184,"column":42}},"type":"if","locations":[{"start":{"line":184,"column":6},"end":{"line":184,"column":42}},{"start":{"line":184,"column":6},"end":{"line":184,"column":42}}],"line":184},"24":{"loc":{"start":{"line":197,"column":2},"end":{"line":203,"column":3}},"type":"if","locations":[{"start":{"line":197,"column":2},"end":{"line":203,"column":3}},{"start":{"line":197,"column":2},"end":{"line":203,"column":3}}],"line":197},"25":{"loc":{"start":{"line":199,"column":9},"end":{"line":203,"column":3}},"type":"if","locations":[{"start":{"line":199,"column":9},"end":{"line":203,"column":3}},{"start":{"line":199,"column":9},"end":{"line":203,"column":3}}],"line":199}},"s":{"0":1,"1":80,"2":80,"3":3,"4":1,"5":77,"6":10,"7":67,"8":35,"9":35,"10":35,"11":32,"12":18,"13":14,"14":2,"15":1,"16":15,"17":1,"18":10,"19":2,"20":8,"21":4,"22":4,"23":0,"24":4,"25":1,"26":9,"27":3,"28":6,"29":6,"30":2,"31":4,"32":1,"33":9,"34":3,"35":6,"36":6,"37":1,"38":5,"39":1,"40":23,"41":1,"42":19,"43":1,"44":15,"45":1,"46":26,"47":2,"48":24,"49":16,"50":8,"51":0,"52":8,"53":1,"54":5,"55":2,"56":2,"57":3,"58":3,"59":5,"60":5,"61":5,"62":27,"63":5,"64":1,"65":6,"66":6,"67":4,"68":4,"69":8,"70":5,"71":6,"72":1,"73":12,"74":0,"75":12,"76":7,"77":5,"78":1},"f":{"0":80,"1":15,"2":10,"3":9,"4":9,"5":23,"6":19,"7":15,"8":26,"9":5,"10":6,"11":12},"b":{"0":[3,77],"1":[10,67],"2":[77,13],"3":[35,32],"4":[35,28],"5":[18,14],"6":[2,8],"7":[4,4],"8":[8,5],"9":[0,4],"10":[3,6],"11":[2,4],"12":[3,6],"13":[1,5],"14":[23,17],"15":[19,14],"16":[15,10],"17":[2,24],"18":[16,8],"19":[24,18],"20":[0,8],"21":[2,3],"22":[4,2],"23":[5,3],"24":[0,12],"25":[7,5]},"_coverageSchema":"43e27e138ebf9cfc5966b082cf9a028302ed4184","hash":"c7647d4f108f9186263036e27925097ed3cd5cfa"}
}
