{"total": {"lines":{"total":150,"covered":144,"skipped":0,"pct":96},"statements":{"total":158,"covered":152,"skipped":0,"pct":96.2},"functions":{"total":24,"covered":24,"skipped":0,"pct":100},"branches":{"total":104,"covered":98,"skipped":0,"pct":94.23}}
,"/Users/Konstantin/Documents/application/pyjamas/lib/index.js": {"lines":{"total":75,"covered":72,"skipped":0,"pct":96},"functions":{"total":12,"covered":12,"skipped":0,"pct":100},"statements":{"total":79,"covered":76,"skipped":0,"pct":96.2},"branches":{"total":52,"covered":49,"skipped":0,"pct":94.23}}
,"/Users/Konstantin/Documents/application/pyjamas/src/index.js": {"lines":{"total":75,"covered":72,"skipped":0,"pct":96},"functions":{"total":12,"covered":12,"skipped":0,"pct":100},"statements":{"total":79,"covered":76,"skipped":0,"pct":96.2},"branches":{"total":52,"covered":49,"skipped":0,"pct":94.23}}
}
