TN:
SF:/Users/Konstantin/Documents/application/pyjamas/lib/index.js
FN:8,(anonymous_0)
FN:45,(anonymous_1)
FN:53,(anonymous_2)
FN:71,(anonymous_3)
FN:89,(anonymous_4)
FN:107,(anonymous_5)
FN:117,(anonymous_6)
FN:127,(anonymous_7)
FN:138,(anonymous_8)
FN:157,(anonymous_9)
FN:180,(anonymous_10)
FN:196,(anonymous_11)
FNF:12
FNH:12
FNDA:80,(anonymous_0)
FNDA:15,(anonymous_1)
FNDA:10,(anonymous_2)
FNDA:9,(anonymous_3)
FNDA:9,(anonymous_4)
FNDA:23,(anonymous_5)
FNDA:19,(anonymous_6)
FNDA:15,(anonymous_7)
FNDA:26,(anonymous_8)
FNDA:5,(anonymous_9)
FNDA:6,(anonymous_10)
FNDA:12,(anonymous_11)
DA:8,1
DA:19,80
DA:20,80
DA:21,3
DA:22,1
DA:23,77
DA:24,10
DA:25,67
DA:26,35
DA:27,35
DA:28,35
DA:29,32
DA:30,18
DA:32,14
DA:35,2
DA:45,15
DA:53,1
DA:54,10
DA:55,2
DA:56,8
DA:57,4
DA:58,4
DA:59,0
DA:61,4
DA:71,1
DA:72,9
DA:73,3
DA:75,6
DA:76,6
DA:77,2
DA:79,4
DA:89,1
DA:90,9
DA:91,3
DA:93,6
DA:94,6
DA:95,1
DA:97,5
DA:107,1
DA:108,23
DA:117,1
DA:118,19
DA:127,1
DA:128,15
DA:138,1
DA:139,26
DA:140,2
DA:141,24
DA:143,16
DA:144,8
DA:145,0
DA:147,8
DA:157,1
DA:160,5
DA:161,2
DA:162,2
DA:164,3
DA:165,3
DA:167,5
DA:168,5
DA:169,27
DA:171,5
DA:180,1
DA:181,6
DA:182,6
DA:183,4
DA:184,8
DA:187,6
DA:196,1
DA:197,12
DA:198,0
DA:199,12
DA:200,7
DA:202,5
DA:206,1
LF:75
LH:72
BRDA:20,0,0,3
BRDA:20,0,1,77
BRDA:23,1,0,10
BRDA:23,1,1,67
BRDA:23,2,0,77
BRDA:23,2,1,13
BRDA:25,3,0,35
BRDA:25,3,1,32
BRDA:28,4,0,35
BRDA:28,4,1,28
BRDA:29,5,0,18
BRDA:29,5,1,14
BRDA:54,6,0,2
BRDA:54,6,1,8
BRDA:56,7,0,4
BRDA:56,7,1,4
BRDA:56,8,0,8
BRDA:56,8,1,5
BRDA:58,9,0,0
BRDA:58,9,1,4
BRDA:72,10,0,3
BRDA:72,10,1,6
BRDA:76,11,0,2
BRDA:76,11,1,4
BRDA:90,12,0,3
BRDA:90,12,1,6
BRDA:94,13,0,1
BRDA:94,13,1,5
BRDA:108,14,0,23
BRDA:108,14,1,17
BRDA:118,15,0,19
BRDA:118,15,1,14
BRDA:128,16,0,15
BRDA:128,16,1,10
BRDA:139,17,0,2
BRDA:139,17,1,24
BRDA:141,18,0,16
BRDA:141,18,1,8
BRDA:141,19,0,24
BRDA:141,19,1,18
BRDA:144,20,0,0
BRDA:144,20,1,8
BRDA:160,21,0,2
BRDA:160,21,1,3
BRDA:182,22,0,4
BRDA:182,22,1,2
BRDA:184,23,0,5
BRDA:184,23,1,3
BRDA:197,24,0,0
BRDA:197,24,1,12
BRDA:199,25,0,7
BRDA:199,25,1,5
BRF:52
BRH:49
end_of_record
TN:
SF:/Users/Konstantin/Documents/application/pyjamas/src/index.js
FN:8,(anonymous_0)
FN:45,(anonymous_1)
FN:53,(anonymous_2)
FN:71,(anonymous_3)
FN:89,(anonymous_4)
FN:107,(anonymous_5)
FN:117,(anonymous_6)
FN:127,(anonymous_7)
FN:138,(anonymous_8)
FN:157,(anonymous_9)
FN:180,(anonymous_10)
FN:196,(anonymous_11)
FNF:12
FNH:12
FNDA:80,(anonymous_0)
FNDA:15,(anonymous_1)
FNDA:10,(anonymous_2)
FNDA:9,(anonymous_3)
FNDA:9,(anonymous_4)
FNDA:23,(anonymous_5)
FNDA:19,(anonymous_6)
FNDA:15,(anonymous_7)
FNDA:26,(anonymous_8)
FNDA:5,(anonymous_9)
FNDA:6,(anonymous_10)
FNDA:12,(anonymous_11)
DA:8,1
DA:19,80
DA:20,80
DA:21,3
DA:22,1
DA:23,77
DA:24,10
DA:25,67
DA:26,35
DA:27,35
DA:28,35
DA:29,32
DA:30,18
DA:32,14
DA:35,2
DA:45,15
DA:53,1
DA:54,10
DA:55,2
DA:56,8
DA:57,4
DA:58,4
DA:59,0
DA:61,4
DA:71,1
DA:72,9
DA:73,3
DA:75,6
DA:76,6
DA:77,2
DA:79,4
DA:89,1
DA:90,9
DA:91,3
DA:93,6
DA:94,6
DA:95,1
DA:97,5
DA:107,1
DA:108,23
DA:117,1
DA:118,19
DA:127,1
DA:128,15
DA:138,1
DA:139,26
DA:140,2
DA:141,24
DA:143,16
DA:144,8
DA:145,0
DA:147,8
DA:157,1
DA:160,5
DA:161,2
DA:162,2
DA:164,3
DA:165,3
DA:167,5
DA:168,5
DA:169,27
DA:171,5
DA:180,1
DA:181,6
DA:182,6
DA:183,4
DA:184,8
DA:187,6
DA:196,1
DA:197,12
DA:198,0
DA:199,12
DA:200,7
DA:202,5
DA:206,1
LF:75
LH:72
BRDA:20,0,0,3
BRDA:20,0,1,77
BRDA:23,1,0,10
BRDA:23,1,1,67
BRDA:23,2,0,77
BRDA:23,2,1,13
BRDA:25,3,0,35
BRDA:25,3,1,32
BRDA:28,4,0,35
BRDA:28,4,1,28
BRDA:29,5,0,18
BRDA:29,5,1,14
BRDA:54,6,0,2
BRDA:54,6,1,8
BRDA:56,7,0,4
BRDA:56,7,1,4
BRDA:56,8,0,8
BRDA:56,8,1,5
BRDA:58,9,0,0
BRDA:58,9,1,4
BRDA:72,10,0,3
BRDA:72,10,1,6
BRDA:76,11,0,2
BRDA:76,11,1,4
BRDA:90,12,0,3
BRDA:90,12,1,6
BRDA:94,13,0,1
BRDA:94,13,1,5
BRDA:108,14,0,23
BRDA:108,14,1,17
BRDA:118,15,0,19
BRDA:118,15,1,14
BRDA:128,16,0,15
BRDA:128,16,1,10
BRDA:139,17,0,2
BRDA:139,17,1,24
BRDA:141,18,0,16
BRDA:141,18,1,8
BRDA:141,19,0,24
BRDA:141,19,1,18
BRDA:144,20,0,0
BRDA:144,20,1,8
BRDA:160,21,0,2
BRDA:160,21,1,3
BRDA:182,22,0,4
BRDA:182,22,1,2
BRDA:184,23,0,5
BRDA:184,23,1,3
BRDA:197,24,0,0
BRDA:197,24,1,12
BRDA:199,25,0,7
BRDA:199,25,1,5
BRF:52
BRH:49
end_of_record
